This is XeTeX, Version 3.14159265-2.6-0.99992 (TeX Live 2015/Debian) (preloaded format=xelatex 2016.9.16)  16 SEP 2016 02:40
entering extended mode
 restricted \write18 enabled.
 %&-line parsing enabled.
**eldiego.tex
(./eldiego.tex
LaTeX2e <2016/02/01>
Babel <3.9q> and hyphenation patterns for 3 language(s) loaded.
(./preamble.tex (/usr/share/texlive/texmf-dist/tex/latex/base/article.cls
Document Class: article 2014/09/29 v1.4h Standard LaTeX document class
(/usr/share/texlive/texmf-dist/tex/latex/base/size10.clo
File: size10.clo 2014/09/29 v1.4h Standard LaTeX file (size option)
)
\c@part=\count79
\c@section=\count80
\c@subsection=\count81
\c@subsubsection=\count82
\c@paragraph=\count83
\c@subparagraph=\count84
\c@figure=\count85
\c@table=\count86
\abovecaptionskip=\skip41
\belowcaptionskip=\skip42
\bibindent=\dimen102
)
(/usr/share/texlive/texmf-dist/tex/latex/hyperref/hyperref.sty
Package: hyperref 2012/11/06 v6.83m Hypertext links for LaTeX

(/usr/share/texlive/texmf-dist/tex/generic/oberdiek/hobsub-hyperref.sty
Package: hobsub-hyperref 2012/05/28 v1.13 Bundle oberdiek, subset hyperref (HO)


(/usr/share/texlive/texmf-dist/tex/generic/oberdiek/hobsub-generic.sty
Package: hobsub-generic 2012/05/28 v1.13 Bundle oberdiek, subset generic (HO)
Package: hobsub 2012/05/28 v1.13 Construct package bundles (HO)
Package: infwarerr 2010/04/08 v1.3 Providing info/warning/error messages (HO)
Package: ltxcmds 2011/11/09 v1.22 LaTeX kernel commands for general use (HO)
Package: ifluatex 2010/03/01 v1.3 Provides the ifluatex switch (HO)
Package ifluatex Info: LuaTeX not detected.
Package: ifvtex 2010/03/01 v1.5 Detect VTeX and its facilities (HO)
Package ifvtex Info: VTeX not detected.
Package: intcalc 2007/09/27 v1.1 Expandable calculations with integers (HO)
Package: ifpdf 2011/01/30 v2.3 Provides the ifpdf switch (HO)
Package ifpdf Info: pdfTeX in PDF mode is not detected.
Package: etexcmds 2011/02/16 v1.5 Avoid name clashes with e-TeX commands (HO)
Package etexcmds Info: Could not find \expanded.
(etexcmds)             That can mean that you are not using pdfTeX 1.50 or
(etexcmds)             that some package has redefined \expanded.
(etexcmds)             In the latter case, load this package earlier.
Package: kvsetkeys 2012/04/25 v1.16 Key value parser (HO)
Package: kvdefinekeys 2011/04/07 v1.3 Define keys (HO)
Package: pdftexcmds 2011/11/29 v0.20 Utility functions of pdfTeX for LuaTeX (HO
)
Package pdftexcmds Info: LuaTeX not detected.
Package pdftexcmds Info: pdfTeX >= 1.30 not detected.
Package pdftexcmds Info: \pdf@primitive is available.
Package pdftexcmds Info: \pdf@ifprimitive is available.
Package pdftexcmds Info: \pdfdraftmode not found.
Package: pdfescape 2011/11/25 v1.13 Implements pdfTeX's escape features (HO)
Package: bigintcalc 2012/04/08 v1.3 Expandable calculations on big integers (HO
)
Package: bitset 2011/01/30 v1.1 Handle bit-vector datatype (HO)
Package: uniquecounter 2011/01/30 v1.2 Provide unlimited unique counter (HO)
)
Package hobsub Info: Skipping package `hobsub' (already loaded).
Package: letltxmacro 2010/09/02 v1.4 Let assignment for LaTeX macros (HO)
Package: hopatch 2012/05/28 v1.2 Wrapper for package hooks (HO)
Package: xcolor-patch 2011/01/30 xcolor patch
Package: atveryend 2011/06/30 v1.8 Hooks at the very end of document (HO)
Package atveryend Info: \enddocument detected (standard20110627).
Package: atbegshi 2011/10/05 v1.16 At begin shipout hook (HO)
Package: refcount 2011/10/16 v3.4 Data extraction from label references (HO)
Package: hycolor 2011/01/30 v1.7 Color options for hyperref/bookmark (HO)
)
(/usr/share/texlive/texmf-dist/tex/latex/graphics/keyval.sty
Package: keyval 2014/10/28 v1.15 key=value parser (DPC)
\KV@toks@=\toks14
)
(/usr/share/texlive/texmf-dist/tex/generic/ifxetex/ifxetex.sty
Package: ifxetex 2010/09/12 v0.6 Provides ifxetex conditional
)
(/usr/share/texlive/texmf-dist/tex/latex/oberdiek/auxhook.sty
Package: auxhook 2011/03/04 v1.3 Hooks for auxiliary files (HO)
)
(/usr/share/texlive/texmf-dist/tex/latex/oberdiek/kvoptions.sty
Package: kvoptions 2011/06/30 v3.11 Key value format for package options (HO)
)
\@linkdim=\dimen103
\Hy@linkcounter=\count87
\Hy@pagecounter=\count88

(/usr/share/texlive/texmf-dist/tex/latex/hyperref/pd1enc.def
File: pd1enc.def 2012/11/06 v6.83m Hyperref: PDFDocEncoding definition (HO)
)
\Hy@SavedSpaceFactor=\count89

(/usr/share/texlive/texmf-dist/tex/latex/latexconfig/hyperref.cfg
File: hyperref.cfg 2002/06/06 v1.2 hyperref configuration of TeXLive
)
Package hyperref Info: Hyper figures OFF on input line 4443.
Package hyperref Info: Link nesting OFF on input line 4448.
Package hyperref Info: Hyper index ON on input line 4451.
Package hyperref Info: Plain pages OFF on input line 4458.
Package hyperref Info: Backreferencing OFF on input line 4463.
Package hyperref Info: Implicit mode ON; LaTeX internals redefined.
Package hyperref Info: Bookmarks ON on input line 4688.
\c@Hy@tempcnt=\count90

(/usr/share/texlive/texmf-dist/tex/latex/url/url.sty
\Urlmuskip=\muskip10
Package: url 2013/09/16  ver 3.4  Verb mode for urls, etc.
)
LaTeX Info: Redefining \url on input line 5041.
\XeTeXLinkMargin=\dimen104
\Fld@menulength=\count91
\Field@Width=\dimen105
\Fld@charsize=\dimen106
Package hyperref Info: Hyper figures OFF on input line 6295.
Package hyperref Info: Link nesting OFF on input line 6300.
Package hyperref Info: Hyper index ON on input line 6303.
Package hyperref Info: backreferencing OFF on input line 6310.
Package hyperref Info: Link coloring OFF on input line 6315.
Package hyperref Info: Link coloring with OCG OFF on input line 6320.
Package hyperref Info: PDF/A mode OFF on input line 6325.
LaTeX Info: Redefining \ref on input line 6365.
LaTeX Info: Redefining \pageref on input line 6369.
\Hy@abspage=\count92
\c@Item=\count93
\c@Hfootnote=\count94
)

Package hyperref Message: Driver (autodetected): hxetex.

(/usr/share/texlive/texmf-dist/tex/latex/hyperref/hxetex.def
File: hxetex.def 2012/11/06 v6.83m Hyperref driver for XeTeX

(/usr/share/texlive/texmf-dist/tex/latex/hyperref/puenc.def
File: puenc.def 2012/11/06 v6.83m Hyperref: PDF Unicode definition (HO)
)
(/usr/share/texlive/texmf-dist/tex/generic/oberdiek/stringenc.sty
Package: stringenc 2011/12/02 v1.10 Convert strings between diff. encodings (HO
)
)
\pdfm@box=\box26
\c@Hy@AnnotLevel=\count95
\HyField@AnnotCount=\count96
\Fld@listcount=\count97
\c@bookmark@seq@number=\count98

(/usr/share/texlive/texmf-dist/tex/latex/oberdiek/rerunfilecheck.sty
Package: rerunfilecheck 2011/04/15 v1.7 Rerun checks for auxiliary files (HO)
Package rerunfilecheck Info: Feature \pdfmdfivesum is not available
(rerunfilecheck)             (e.g. pdfTeX or LuaTeX with package `pdftexcmds').

(rerunfilecheck)             Therefore file contents cannot be checked efficien
tly
(rerunfilecheck)             and the loading of the package is aborted.
)
\Hy@SectionHShift=\skip43
)
(/usr/share/texlive/texmf-dist/tex/generic/babel/babel.sty
Package: babel 2016/02/24 3.9q The Babel package


! Package babel Error: Unknown option `spanish'. Either you misspelled it
(babel)                or the language definition file spanish.ldf was not foun
d.

See the babel package documentation for explanation.
Type  H <return>  for immediate help.
 ...                                              
                                                  
l.310 \ProcessOptions*
                      
? q
OK, entering \batchmode...

! Package babel Error: You haven't specified a language option.

See the babel package documentation for explanation.
Type  H <return>  for immediate help.
 ...                                              
                                                  
l.343 ...ry to proceed from here, type x to quit.}
                                                  
You need to specify a language, either as a global option
or as an optional argument to the \usepackage command;
You shouldn't try to proceed from here, type x to quit.

)
(/usr/share/texlive/texmf-dist/tex/latex/base/inputenc.sty
Package: inputenc 2015/03/17 v1.2c Input encoding file
\inpenc@prehook=\toks15
\inpenc@posthook=\toks16

Package inputenc Warning: inputenc package ignored with utf8 based engines.

)
(/usr/share/texlive/texmf-dist/tex/latex/fancyhdr/fancyhdr.sty
\fancy@headwidth=\skip44
\f@ncyO@elh=\skip45
\f@ncyO@erh=\skip46
\f@ncyO@olh=\skip47
\f@ncyO@orh=\skip48
\f@ncyO@elf=\skip49
\f@ncyO@erf=\skip50
\f@ncyO@olf=\skip51
\f@ncyO@orf=\skip52
)
(/usr/share/texlive/texmf-dist/tex/latex/lastpage/lastpage.sty
Package: lastpage 2015/03/29 v1.2m Refers to last page's name (HMM; JPG)
)
(/usr/share/texlive/texmf-dist/tex/latex/listings/listings.sty
\lst@mode=\count99
\lst@gtempboxa=\box27
\lst@token=\toks17
\lst@length=\count100
\lst@currlwidth=\dimen107
\lst@column=\count101
\lst@pos=\count102
\lst@lostspace=\dimen108
\lst@width=\dimen109
\lst@newlines=\count103
\lst@lineno=\count104
\lst@maxwidth=\dimen110

(/usr/share/texlive/texmf-dist/tex/latex/listings/lstmisc.sty
File: lstmisc.sty 2015/06/04 1.6 (Carsten Heinz)
\c@lstnumber=\count105
\lst@skipnumbers=\count106
\lst@framebox=\box28
)
(/usr/share/texlive/texmf-dist/tex/latex/listings/listings.cfg
File: listings.cfg 2015/06/04 1.6 listings configuration
))
Package: listings 2015/06/04 1.6 (Carsten Heinz)

(/usr/share/texlive/texmf-dist/tex/latex/amsfonts/amssymb.sty
Package: amssymb 2013/01/14 v3.01 AMS font symbols

(/usr/share/texlive/texmf-dist/tex/latex/amsfonts/amsfonts.sty
Package: amsfonts 2013/01/14 v3.01 Basic AMSFonts support
\@emptytoks=\toks18
\symAMSa=\mathgroup4
\symAMSb=\mathgroup5
LaTeX Font Info:    Overwriting math alphabet `\mathfrak' in version `bold'
(Font)                  U/euf/m/n --> U/euf/b/n on input line 106.
))
(/usr/share/texlive/texmf-dist/tex/latex/graphics/color.sty
Package: color 2016/01/03 v1.1b Standard LaTeX Color (DPC)

(/usr/share/texlive/texmf-dist/tex/latex/latexconfig/color.cfg
File: color.cfg 2007/01/18 v1.5 color configuration of teTeX/TeXLive
)
Package color Info: Driver file: xetex.def on input line 143.

(/usr/share/texlive/texmf-dist/tex/xelatex/xetex-def/xetex.def
File: xetex.def 2015/09/11 v4.06 LaTeX color/graphics driver for XeTeX (TeX Liv
e/RRM/JK)
)
(/usr/share/texlive/texmf-dist/tex/latex/graphics/dvipsnam.def
File: dvipsnam.def 2015/12/30 v3.0k Driver-dependent file (DPC,SPQR)
))
(/usr/share/texlive/texmf-dist/tex/latex/graphics/graphicx.sty
Package: graphicx 2014/10/28 v1.0g Enhanced LaTeX Graphics (DPC,SPQR)

(/usr/share/texlive/texmf-dist/tex/latex/graphics/graphics.sty
Package: graphics 2016/01/03 v1.0q Standard LaTeX Graphics (DPC,SPQR)

(/usr/share/texlive/texmf-dist/tex/latex/graphics/trig.sty
Package: trig 2016/01/03 v1.10 sin cos tan (DPC)
)
(/usr/share/texlive/texmf-dist/tex/latex/latexconfig/graphics.cfg
File: graphics.cfg 2010/04/23 v1.9 graphics configuration of TeX Live
)
Package graphics Info: Driver file: xetex.def on input line 95.
)
\Gin@req@height=\dimen111
\Gin@req@width=\dimen112
)
(/usr/share/texlive/texmf-dist/tex/latex/wrapfig/wrapfig.sty
\wrapoverhang=\dimen113
\WF@size=\dimen114
\c@WF@wrappedlines=\count107
\WF@box=\box29
\WF@everypar=\toks19
Package: wrapfig 2003/01/31  v 3.6
)
(/usr/share/texlive/texmf-dist/tex/latex/amsmath/amsmath.sty
Package: amsmath 2016/03/03 v2.15a AMS math features
\@mathmargin=\skip53
For additional information on amsmath, use the `?' option.

(/usr/share/texlive/texmf-dist/tex/latex/amsmath/amstext.sty
Package: amstext 2000/06/29 v2.01 AMS text

(/usr/share/texlive/texmf-dist/tex/latex/amsmath/amsgen.sty
File: amsgen.sty 1999/11/30 v2.0 generic functions
\@emptytoks=\toks20
\ex@=\dimen115
))
(/usr/share/texlive/texmf-dist/tex/latex/amsmath/amsbsy.sty
Package: amsbsy 1999/11/29 v1.2d Bold Symbols
\pmbraise@=\dimen116
)
(/usr/share/texlive/texmf-dist/tex/latex/amsmath/amsopn.sty
Package: amsopn 1999/12/14 v2.01 operator names
)
\inf@bad=\count108
LaTeX Info: Redefining \frac on input line 199.
\uproot@=\count109
\leftroot@=\count110
LaTeX Info: Redefining \overline on input line 297.
\classnum@=\count111
\DOTSCASE@=\count112
LaTeX Info: Redefining \ldots on input line 394.
LaTeX Info: Redefining \dots on input line 397.
LaTeX Info: Redefining \cdots on input line 518.
\Mathstrutbox@=\box30
\strutbox@=\box31
\big@size=\dimen117
LaTeX Font Info:    Redeclaring font encoding OML on input line 630.
LaTeX Font Info:    Redeclaring font encoding OMS on input line 631.
\macc@depth=\count113
\c@MaxMatrixCols=\count114
\dotsspace@=\muskip11
\c@parentequation=\count115
\dspbrk@lvl=\count116
\tag@help=\toks21
\row@=\count117
\column@=\count118
\maxfields@=\count119
\andhelp@=\toks22
\eqnshift@=\dimen118
\alignsep@=\dimen119
\tagshift@=\dimen120
\tagwidth@=\dimen121
\totwidth@=\dimen122
\lineht@=\dimen123
\@envbody=\toks23
\multlinegap=\skip54
\multlinetaggap=\skip55
\mathdisplay@stack=\toks24
LaTeX Info: Redefining \[ on input line 2735.
LaTeX Info: Redefining \] on input line 2736.
)
(/usr/share/texlive/texmf-dist/tex/latex/base/makeidx.sty
Package: makeidx 2014/09/29 v1.0m Standard LaTeX package
)
(/usr/share/texlive/texmf-dist/tex/latex/listings/lstlang1.sty
File: lstlang1.sty 2015/06/04 1.6 listings language file
)
(/usr/share/texlive/texmf-dist/tex/latex/listings/lstlang1.sty
File: lstlang1.sty 2015/06/04 1.6 listings language file
)
(/usr/share/texlive/texmf-dist/tex/latex/listings/lstmisc.sty
File: lstmisc.sty 2015/06/04 1.6 (Carsten Heinz)
))
No file eldiego.aux.
\openout1 = `eldiego.aux'.

LaTeX Font Info:    Checking defaults for OML/cmm/m/it on input line 5.
LaTeX Font Info:    ... okay on input line 5.
LaTeX Font Info:    Checking defaults for T1/cmr/m/n on input line 5.
LaTeX Font Info:    ... okay on input line 5.
LaTeX Font Info:    Checking defaults for OT1/cmr/m/n on input line 5.
LaTeX Font Info:    ... okay on input line 5.
LaTeX Font Info:    Checking defaults for OMS/cmsy/m/n on input line 5.
LaTeX Font Info:    ... okay on input line 5.
LaTeX Font Info:    Checking defaults for OMX/cmex/m/n on input line 5.
LaTeX Font Info:    ... okay on input line 5.
LaTeX Font Info:    Checking defaults for U/cmr/m/n on input line 5.
LaTeX Font Info:    ... okay on input line 5.
LaTeX Font Info:    Checking defaults for PD1/pdf/m/n on input line 5.
LaTeX Font Info:    ... okay on input line 5.
LaTeX Font Info:    Checking defaults for PU/pdf/m/n on input line 5.
LaTeX Font Info:    ... okay on input line 5.
\AtBeginShipoutBox=\box32
Package hyperref Info: Link coloring OFF on input line 5.

(/usr/share/texlive/texmf-dist/tex/latex/hyperref/nameref.sty
Package: nameref 2012/10/27 v2.43 Cross-referencing by name of section

(/usr/share/texlive/texmf-dist/tex/generic/oberdiek/gettitlestring.sty
Package: gettitlestring 2010/12/03 v1.4 Cleanup title references (HO)
)
\c@section@level=\count120
)
LaTeX Info: Redefining \ref on input line 5.
LaTeX Info: Redefining \pageref on input line 5.
LaTeX Info: Redefining \nameref on input line 5.
\@outlinefile=\write3
\openout3 = `eldiego.out'.


Package hyperref Warning: Rerun to get /PageLabels entry.

Package lastpage Info: Please have a look at the pageslts package at
(lastpage)             https://www.ctan.org/pkg/pageslts
(lastpage)             ! on input line 5.
\c@lstlisting=\count121
File: fotodiego.png Graphic file (type QTm)
 <use  "fotodiego.png" >
\tf@toc=\write4
\openout4 = `eldiego.toc'.


(/usr/share/texlive/texmf-dist/tex/generic/oberdiek/se-ascii-print.def
File: se-ascii-print.def 2011/12/02 v1.10 stringenc: Printable ASCII characters

) (./algorithm.tex
LaTeX Font Info:    Try loading font information for U+msa on input line 1.

(/usr/share/texlive/texmf-dist/tex/latex/amsfonts/umsa.fd
File: umsa.fd 2013/01/14 v3.01 AMS symbols A
)
LaTeX Font Info:    Try loading font information for U+msb on input line 1.

(/usr/share/texlive/texmf-dist/tex/latex/amsfonts/umsb.fd
File: umsb.fd 2013/01/14 v3.01 AMS symbols B
)
Missing character: There is no ’ in font cmr10!

LaTeX Warning: Reference `LastPage' on page 1 undefined on input line 38.

 [1

])
Package hyperref Info: bookmark level for unknown lstlisting defaults to 0 on i
nput line 17.
 (./estructuras/rmq.static.cpp) (./estructuras/rmq.dynamic.cpp) (./estructuras/
rmq.lazy.cpp

LaTeX Warning: Reference `LastPage' on page 2 undefined on input line 25.

 [2]) (./estructuras/rmq.persistent.cpp) (./estructuras/fenwick.cpp

LaTeX Warning: Reference `LastPage' on page 3 undefined on input line 12.

 [3]) (./grafos/union.find.cpp) (./estructuras/disjoint.intervals.cpp) (./estru
cturas/rmq.2d.cpp) (./estructuras/bigint.cpp

LaTeX Warning: Reference `LastPage' on page 4 undefined on input line 11.

 [4]
Underfull \vbox (badness 10000) has occurred while \output is active []


Underfull \vbox (badness 10000) has occurred while \output is active []


LaTeX Warning: Reference `LastPage' on page 5 undefined on input line 93.

 [5]) (./hash.cpp) (./estructuras/mnum.cpp) (./estructuras/treap.cpp

LaTeX Warning: Reference `LastPage' on page 6 undefined on input line 41.

 [6]
Underfull \vbox (badness 10000) has occurred while \output is active []

) (./estructuras/treaparr.cpp

LaTeX Warning: Reference `LastPage' on page 7 undefined on input line 48.

 [7]) (./estructuras/convexhull.trick.cpp) (./estructuras/convexhull.trick.dyn.
cpp
Underfull \vbox (badness 2503) has occurred while \output is active []


LaTeX Warning: Reference `LastPage' on page 8 undefined on input line 18.

 [8])
Underfull \vbox (badness 10000) has occurred while \output is active []

 (./estructuras/gain-cost.set.cpp) (./estructuras/order.tree.cpp) (./algos/lis.
cpp

LaTeX Warning: Reference `LastPage' on page 9 undefined on input line 15.

 [9]) (./algos/alphabeta.cpp) (./algos/mosalgorithm.cpp) (./string/manacher.cpp

LaTeX Warning: Reference `LastPage' on page 10 undefined on input line 25.

 [10]) (./string/kmp.cpp)
Underfull \vbox (badness 4556) has occurred while \output is active []

 (./string/trie.cpp) (./string/suffix.array.cpp

LaTeX Warning: Reference `LastPage' on page 11 undefined on input line 28.

 [11]) (./string/suffix.array.cpp) (./string/suffix.array.cpp) (./string/corasi
ck.cpp

LaTeX Warning: Reference `LastPage' on page 12 undefined on input line 42.

 [12]) (./string/suffix.automaton.cpp) (./string/zfunction.cpp)

LaTeX Warning: Reference `LastPage' on page 13 undefined on input line 86.

 [13] (./geometria/pto.cpp
Missing character: There is no á in font cmtt10!
Missing character: There is no á in font cmtt10!
Missing character: There is no º in font cmtt10!
) (./geometria/orden.radial.cpp) (./geometria/line.cpp) (./geometria/segm.cpp

LaTeX Warning: Reference `LastPage' on page 14 undefined on input line 8.

 [14]) (./geometria/rect.cpp) (./geometria/area.cpp) (./geometria/circle.cpp
Underfull \vbox (badness 10000) has occurred while \output is active []


LaTeX Warning: Reference `LastPage' on page 15 undefined on input line 47.

 [15]) (./geometria/point.in.poly.cpp) (./geometria/point.in.convex.poly.cpp) (
./geometria/convex.check.cpp) (./geometria/convex.hull.cpp

LaTeX Warning: Reference `LastPage' on page 16 undefined on input line 12.

 [16]) (./geometria/cut.polygon.cpp) (./geometria/bresenham.cpp) (./geometria/r
otate.cpp) (./geometria/int.circs.cpp

LaTeX Warning: Reference `LastPage' on page 17 undefined on input line 35.

 [17])

Package amsmath Warning: Foreign command \atopwithdelims;
(amsmath)                \frac or \genfrac should be used instead
(amsmath)                 on input line 136.

Missing character: There is no í in font cmr10!
 (./math/combinatorio.cpp) (./math/exp.mod.cpp) (./math/exp.mat.cpp

LaTeX Warning: Reference `LastPage' on page 18 undefined on input line 13.

 [18])

Package hyperref Warning: Token not allowed in a PDF string (Unicode):
(hyperref)                removing `math shift' on input line 162.


Package hyperref Warning: Token not allowed in a PDF string (Unicode):
(hyperref)                removing `superscript' on input line 162.


Package hyperref Warning: Token not allowed in a PDF string (Unicode):
(hyperref)                removing `math shift' on input line 162.

 (./math/determinante.cpp) (./math/criba.cpp

LaTeX Warning: Reference `LastPage' on page 19 undefined on input line 37.

 [19]) (./math/func.primos.cpp) (./math/phollards.rho.cpp

LaTeX Warning: Reference `LastPage' on page 20 undefined on input line 19.

 [20]
Underfull \vbox (badness 10000) has occurred while \output is active []

) (./math/extended.euclid.cpp) (./math/inversos.cpp

LaTeX Warning: Reference `LastPage' on page 21 undefined on input line 8.

 [21]) (./math/simpson.cpp) (./math/frac.cpp) (./math/polinomio.cpp

LaTeX Warning: Reference `LastPage' on page 22 undefined on input line 60.

 [22]) (./math/eclineales.cpp) (./math/fft.cpp

LaTeX Warning: Reference `LastPage' on page 23 undefined on input line 39.

 [23])
Underfull \vbox (badness 10000) has occurred while \output is active []


LaTeX Warning: Reference `LastPage' on page 24 undefined on input line 286.

 [24] (./grafos/dijkstra.cpp) (./grafos/bellman.ford.cpp) (./grafos/floyd.warsh
all.cpp

LaTeX Warning: Reference `LastPage' on page 25 undefined on input line 10.

 [25]) (./grafos/kruskal.cpp) (./grafos/prim.cpp) (./grafos/2sat.cpp) (./grafos
/articulaciones.cpp

LaTeX Warning: Reference `LastPage' on page 26 undefined on input line 10.

 [26]) (./grafos/biconexas.bridge.cpp) (./grafos/lca.climb.cpp

LaTeX Warning: Reference `LastPage' on page 27 undefined on input line 12.

 [27]) (./grafos/heavylight.cpp) (./grafos/centroid.cpp)

LaTeX Warning: Reference `LastPage' on page 28 undefined on input line 342.

 [28] (./grafos/euler.cpp)
Missing character: There is no á in font cmbx12!
 (./grafos/diametro.cpp) (./grafos/chuliu.cpp

LaTeX Warning: Reference `LastPage' on page 29 undefined on input line 7.

 [29]
Underfull \vbox (badness 10000) has occurred while \output is active []

) (./grafos/hungarian.cpp

LaTeX Warning: Reference `LastPage' on page 30 undefined on input line 34.

 [30]) (./grafos/dynamic.conectivity.cpp
Underfull \vbox (badness 10000) has occurred while \output is active []


LaTeX Warning: Reference `LastPage' on page 31 undefined on input line 70.

 [31]) (./flow/dinic.cpp)
Underfull \vbox (badness 10000) has occurred while \output is active []


LaTeX Warning: Reference `LastPage' on page 32 undefined on input line 357.

 [32] (./flow/konig.cpp) (./flow/edmonds.karps.cpp) (./flow/push.relabel.cpp

LaTeX Warning: Reference `LastPage' on page 33 undefined on input line 20.

 [33])
Underfull \vbox (badness 10000) has occurred while \output is active []

 (./flow/min.cost.max.flow.cpp

LaTeX Warning: Reference `LastPage' on page 34 undefined on input line 58.

 [34]) (./template.cpp)

LaTeX Warning: Reference `LastPage' on page 35 undefined on input line 421.

 [35]

Package lastpage Warning: Rerun to get the references right on input line 462.

 
AED: lastpage setting LastPage

LaTeX Warning: Reference `LastPage' on page 36 undefined on input line 462.

 [36

]
Package atveryend Info: Empty hook `BeforeClearDocument' on input line 462.
Package atveryend Info: Empty hook `AfterLastShipout' on input line 462.
 (./eldiego.aux)
Package atveryend Info: Empty hook `AtVeryEndDocument' on input line 462.
Package atveryend Info: Empty hook `AtEndAfterFileList' on input line 462.

LaTeX Warning: There were undefined references.


LaTeX Warning: Label(s) may have changed. Rerun to get cross-references right.

Package atveryend Info: Empty hook `AtVeryVeryEnd' on input line 462.
 ) 
Here is how much of TeX's memory you used:
 13159 strings out of 495579
 174772 string characters out of 6187322
 574653 words of memory out of 5000000
 16080 multiletter control sequences out of 15000+600000
 13013 words of font info for 51 fonts, out of 8000000 for 9000
 14 hyphenation exceptions out of 8191
 39i,13n,58p,244b,1757s stack positions out of 5000i,500n,10000p,200000b,80000s

Output written on eldiego.pdf (36 pages).
